2026-04-15 21:46:21,359 - sevimler_api - INFO - Database initialized successfully.
2026-04-15 21:47:03,955 - sevimler_api - INFO - Database initialized successfully.
2026-04-15 21:47:16,172 - sevimler_api - INFO - Method: GET Path: / Status: 404 Duration: 0.00s
2026-04-15 21:47:18,214 - sevimler_api - INFO - Method: GET Path: /products/ Status: 200 Duration: 0.01s
2026-04-15 21:47:32,974 - sevimler_api - INFO - Method: GET Path: / Status: 404 Duration: 0.00s
2026-04-15 21:47:35,017 - sevimler_api - INFO - Method: GET Path: /products/ Status: 200 Duration: 0.00s
2026-04-15 21:47:48,982 - sevimler_api - INFO - Database initialized successfully.
2026-04-15 21:47:57,900 - sevimler_api - INFO - Method: GET Path: / Status: 200 Duration: 0.00s
2026-04-15 21:47:59,935 - sevimler_api - INFO - Method: GET Path: /products/ Status: 200 Duration: 0.00s
2026-04-15 21:48:22,928 - sevimler_api - INFO - Database initialized successfully.
2026-04-15 21:53:23,754 - sevimler_api - INFO - Method: GET Path: /assets/logo.jpeg Status: 304 Duration: 0.04s
2026-04-15 21:53:23,754 - sevimler_api - INFO - Method: GET Path: /stories Status: 307 Duration: 0.00s
2026-04-15 21:53:23,756 - sevimler_api - INFO - Method: GET Path: /products Status: 307 Duration: 0.00s
2026-04-15 21:53:23,757 - sevimler_api - INFO - Method: GET Path: /stories Status: 307 Duration: 0.00s
2026-04-15 21:53:23,757 - sevimler_api - INFO - Method: GET Path: /products Status: 307 Duration: 0.00s
2026-04-15 21:53:23,764 - sevimler_api - INFO - Method: GET Path: /stories/ Status: 200 Duration: 0.01s
2026-04-15 21:53:23,766 - sevimler_api - INFO - Method: GET Path: /products/ Status: 200 Duration: 0.01s
2026-04-15 21:53:23,770 - sevimler_api - INFO - Method: GET Path: /stories/ Status: 200 Duration: 0.00s
2026-04-15 21:53:23,770 - sevimler_api - INFO - Method: GET Path: /products/ Status: 200 Duration: 0.00s
2026-04-15 21:53:23,776 - sevimler_api - INFO - Method: GET Path: /assets/story1.jpeg Status: 304 Duration: 0.00s
2026-04-15 21:53:23,778 - sevimler_api - INFO - Method: GET Path: /assets/story2.jpeg Status: 304 Duration: 0.00s
2026-04-15 21:53:23,779 - sevimler_api - INFO - Method: GET Path: /assets/story3.jpeg Status: 304 Duration: 0.00s
2026-04-15 21:53:23,781 - sevimler_api - INFO - Method: GET Path: /assets/fistik.jpeg Status: 304 Duration: 0.00s
2026-04-15 21:53:23,782 - sevimler_api - INFO - Method: GET Path: /assets/badem.jpeg Status: 304 Duration: 0.00s
2026-04-15 21:53:23,783 - sevimler_api - INFO - Method: GET Path: /assets/ceviz.jpeg Status: 304 Duration: 0.00s
2026-04-15 21:53:23,785 - sevimler_api - INFO - Method: GET Path: /assets/uzum.jpeg Status: 304 Duration: 0.00s
2026-04-15 21:53:23,787 - sevimler_api - INFO - Method: GET Path: /assets/d004ea3b-6ec3-404f-92f6-c3d229f60799.png Status: 304 Duration: 0.00s
2026-04-15 21:53:33,316 - sevimler_api - INFO - Method: GET Path: /stories Status: 307 Duration: 0.00s
2026-04-15 21:53:33,317 - sevimler_api - INFO - Method: GET Path: /products Status: 307 Duration: 0.00s
2026-04-15 21:53:33,318 - sevimler_api - INFO - Method: GET Path: /stories Status: 307 Duration: 0.00s
2026-04-15 21:53:33,319 - sevimler_api - INFO - Method: GET Path: /products Status: 307 Duration: 0.00s
2026-04-15 21:53:33,323 - sevimler_api - INFO - Method: GET Path: /stories/ Status: 200 Duration: 0.00s
2026-04-15 21:53:33,327 - sevimler_api - INFO - Method: GET Path: /products/ Status: 200 Duration: 0.00s
2026-04-15 21:53:33,330 - sevimler_api - INFO - Method: GET Path: /stories/ Status: 200 Duration: 0.00s
2026-04-15 21:53:33,334 - sevimler_api - INFO - Method: GET Path: /products/ Status: 200 Duration: 0.00s
2026-04-15 21:53:45,325 - sevimler_api - INFO - Method: GET Path: /stories Status: 307 Duration: 0.00s
2026-04-15 21:53:45,332 - sevimler_api - INFO - Method: GET Path: /products Status: 307 Duration: 0.00s
2026-04-15 21:53:45,332 - sevimler_api - INFO - Method: GET Path: /stories Status: 307 Duration: 0.00s
2026-04-15 21:53:45,333 - sevimler_api - INFO - Method: GET Path: /products Status: 307 Duration: 0.00s
2026-04-15 21:53:45,335 - sevimler_api - INFO - Method: GET Path: /stories/ Status: 200 Duration: 0.00s
2026-04-15 21:53:45,339 - sevimler_api - INFO - Method: GET Path: /products/ Status: 200 Duration: 0.01s
2026-04-15 21:53:45,340 - sevimler_api - INFO - Method: GET Path: /stories/ Status: 200 Duration: 0.00s
2026-04-15 21:53:45,342 - sevimler_api - INFO - Method: GET Path: /products/ Status: 200 Duration: 0.00s
2026-04-15 21:53:47,733 - sevimler_api - INFO - Method: GET Path: /stories Status: 307 Duration: 0.00s
2026-04-15 21:53:47,741 - sevimler_api - INFO - Method: GET Path: /products Status: 307 Duration: 0.00s
2026-04-15 21:53:47,742 - sevimler_api - INFO - Method: GET Path: /stories Status: 307 Duration: 0.00s
2026-04-15 21:53:47,743 - sevimler_api - INFO - Method: GET Path: /products Status: 307 Duration: 0.00s
2026-04-15 21:53:47,745 - sevimler_api - INFO - Method: GET Path: /stories/ Status: 200 Duration: 0.00s
2026-04-15 21:53:47,747 - sevimler_api - INFO - Method: GET Path: /products/ Status: 200 Duration: 0.00s
2026-04-15 21:53:47,751 - sevimler_api - INFO - Method: GET Path: /stories/ Status: 200 Duration: 0.00s
2026-04-15 21:53:47,751 - sevimler_api - INFO - Method: GET Path: /products/ Status: 200 Duration: 0.00s
2026-04-15 21:53:50,157 - sevimler_api - INFO - Method: GET Path: /stories Status: 307 Duration: 0.00s
2026-04-15 21:53:50,158 - sevimler_api - INFO - Method: GET Path: /stories Status: 307 Duration: 0.00s
2026-04-15 21:53:50,159 - sevimler_api - INFO - Method: GET Path: /products Status: 307 Duration: 0.00s
2026-04-15 21:53:50,161 - sevimler_api - INFO - Method: GET Path: /products Status: 307 Duration: 0.00s
2026-04-15 21:53:50,164 - sevimler_api - INFO - Method: GET Path: /stories/ Status: 200 Duration: 0.00s
2026-04-15 21:53:50,167 - sevimler_api - INFO - Method: GET Path: /stories/ Status: 200 Duration: 0.00s
2026-04-15 21:53:50,171 - sevimler_api - INFO - Method: GET Path: /products/ Status: 200 Duration: 0.00s
2026-04-15 21:53:50,174 - sevimler_api - INFO - Method: GET Path: /products/ Status: 200 Duration: 0.00s
2026-04-15 21:53:53,395 - sevimler_api - INFO - Method: GET Path: /stories Status: 307 Duration: 0.00s
2026-04-15 21:53:53,398 - sevimler_api - INFO - Method: GET Path: /products Status: 307 Duration: 0.00s
2026-04-15 21:53:53,399 - sevimler_api - INFO - Method: GET Path: /stories Status: 307 Duration: 0.00s
2026-04-15 21:53:53,399 - sevimler_api - INFO - Method: GET Path: /products Status: 307 Duration: 0.00s
2026-04-15 21:53:53,410 - sevimler_api - INFO - Method: GET Path: /stories/ Status: 200 Duration: 0.00s
2026-04-15 21:53:53,412 - sevimler_api - INFO - Method: GET Path: /products/ Status: 200 Duration: 0.00s
2026-04-15 21:53:53,417 - sevimler_api - INFO - Method: GET Path: /stories/ Status: 200 Duration: 0.00s
2026-04-15 21:53:53,417 - sevimler_api - INFO - Method: GET Path: /products/ Status: 200 Duration: 0.00s
2026-04-15 21:54:30,237 - sevimler_api - INFO - Method: POST Path: /login Status: 401 Duration: 0.26s
2026-04-15 21:54:42,653 - sevimler_api - INFO - Method: POST Path: /login Status: 200 Duration: 0.24s
2026-04-15 21:54:42,660 - sevimler_api - INFO - Method: GET Path: /me Status: 200 Duration: 0.00s
2026-04-15 21:54:42,787 - sevimler_api - INFO - Method: GET Path: /admin/dashboard Status: 200 Duration: 0.01s
2026-04-15 21:54:42,793 - sevimler_api - INFO - Method: GET Path: /admin/dashboard Status: 200 Duration: 0.00s
2026-04-15 21:54:46,169 - sevimler_api - INFO - Method: GET Path: /admin/orders Status: 200 Duration: 0.01s
2026-04-15 21:54:46,175 - sevimler_api - INFO - Method: GET Path: /admin/orders Status: 200 Duration: 0.01s
2026-04-15 21:55:09,908 - sevimler_api - INFO - Method: GET Path: /admin/dashboard Status: 200 Duration: 0.01s
2026-04-15 21:55:09,913 - sevimler_api - INFO - Method: GET Path: /admin/dashboard Status: 200 Duration: 0.00s
2026-04-15 21:55:11,078 - sevimler_api - INFO - Method: GET Path: /admin/orders Status: 200 Duration: 0.00s
2026-04-15 21:55:11,081 - sevimler_api - INFO - Method: GET Path: /admin/orders Status: 200 Duration: 0.00s
2026-04-15 21:55:12,410 - sevimler_api - INFO - Method: GET Path: /admin/dashboard Status: 200 Duration: 0.00s
2026-04-15 21:55:12,414 - sevimler_api - INFO - Method: GET Path: /admin/dashboard Status: 200 Duration: 0.00s
2026-04-15 21:55:13,286 - sevimler_api - INFO - Method: GET Path: /products Status: 307 Duration: 0.00s
2026-04-15 21:55:13,289 - sevimler_api - INFO - Method: GET Path: /products Status: 307 Duration: 0.00s
2026-04-15 21:55:13,302 - sevimler_api - INFO - Method: GET Path: /products/ Status: 200 Duration: 0.00s
2026-04-15 21:55:13,305 - sevimler_api - INFO - Method: GET Path: /products/ Status: 200 Duration: 0.00s
2026-04-15 21:55:16,968 - sevimler_api - INFO - Method: DELETE Path: /products/7 Status: 200 Duration: 0.01s
2026-04-15 21:55:16,972 - sevimler_api - INFO - Method: GET Path: /products Status: 307 Duration: 0.00s
2026-04-15 21:55:16,976 - sevimler_api - INFO - Method: GET Path: /products/ Status: 200 Duration: 0.00s
2026-04-15 21:55:20,861 - sevimler_api - INFO - Method: GET Path: /products Status: 307 Duration: 0.00s
2026-04-15 21:55:20,865 - sevimler_api - INFO - Method: GET Path: /products Status: 307 Duration: 0.00s
2026-04-15 21:55:20,868 - sevimler_api - INFO - Method: GET Path: /products/ Status: 200 Duration: 0.00s
2026-04-15 21:55:20,875 - sevimler_api - INFO - Method: GET Path: /products/ Status: 200 Duration: 0.00s
2026-04-15 21:55:21,385 - sevimler_api - INFO - Method: GET Path: /admin/dashboard Status: 200 Duration: 0.01s
2026-04-15 21:55:21,390 - sevimler_api - INFO - Method: GET Path: /admin/dashboard Status: 200 Duration: 0.00s
2026-04-15 21:55:22,260 - sevimler_api - INFO - Method: GET Path: /stories Status: 307 Duration: 0.00s
2026-04-15 21:55:22,261 - sevimler_api - INFO - Method: GET Path: /stories Status: 307 Duration: 0.00s
2026-04-15 21:55:22,275 - sevimler_api - INFO - Method: GET Path: /stories/ Status: 200 Duration: 0.00s
2026-04-15 21:55:22,278 - sevimler_api - INFO - Method: GET Path: /stories/ Status: 200 Duration: 0.00s
2026-04-15 21:55:32,990 - sevimler_api - INFO - Method: GET Path: /stories Status: 307 Duration: 0.00s
2026-04-15 21:55:32,991 - sevimler_api - INFO - Method: GET Path: /products Status: 307 Duration: 0.00s
2026-04-15 21:55:32,991 - sevimler_api - INFO - Method: GET Path: /stories Status: 307 Duration: 0.00s
2026-04-15 21:55:32,992 - sevimler_api - INFO - Method: GET Path: /products Status: 307 Duration: 0.00s
2026-04-15 21:55:33,002 - sevimler_api - INFO - Method: GET Path: /stories/ Status: 200 Duration: 0.00s
2026-04-15 21:55:33,005 - sevimler_api - INFO - Method: GET Path: /products/ Status: 200 Duration: 0.00s
2026-04-15 21:55:33,009 - sevimler_api - INFO - Method: GET Path: /stories/ Status: 200 Duration: 0.00s
2026-04-15 21:55:33,012 - sevimler_api - INFO - Method: GET Path: /products/ Status: 200 Duration: 0.00s
2026-04-15 22:09:55,497 - sevimler_api - INFO - Database initialized successfully.
2026-04-15 22:36:23,149 - sevimler_api - INFO - Database initialized successfully.
2026-04-15 22:36:31,836 - sevimler_api - INFO - Method: GET Path: /products Status: 307 Duration: 0.00s
2026-04-15 22:36:31,836 - sevimler_api - INFO - Method: GET Path: /stories Status: 307 Duration: 0.00s
2026-04-15 22:36:31,838 - sevimler_api - INFO - Method: GET Path: /products Status: 307 Duration: 0.00s
2026-04-15 22:36:31,839 - sevimler_api - INFO - Method: GET Path: /stories Status: 307 Duration: 0.00s
2026-04-15 22:36:31,851 - sevimler_api - INFO - Method: GET Path: /products/ Status: 200 Duration: 0.01s
2026-04-15 22:36:31,853 - sevimler_api - INFO - Method: GET Path: /stories/ Status: 200 Duration: 0.01s
2026-04-15 22:36:31,857 - sevimler_api - INFO - Method: GET Path: /products/ Status: 200 Duration: 0.00s
2026-04-15 22:36:31,858 - sevimler_api - INFO - Method: GET Path: /stories/ Status: 200 Duration: 0.00s
2026-04-15 22:36:40,470 - sevimler_api - INFO - Method: POST Path: /login Status: 200 Duration: 0.25s
2026-04-15 22:36:40,475 - sevimler_api - INFO - Method: GET Path: /me Status: 200 Duration: 0.00s
2026-04-15 22:36:50,653 - sevimler_api - INFO - Method: POST Path: /orders Status: 307 Duration: 0.00s
2026-04-15 22:36:50,675 - sevimler_api - INFO - Method: POST Path: /orders/ Status: 200 Duration: 0.02s
2026-04-15 22:36:50,685 - root - INFO - PAYTR: Mock session created for Order ID: 3
2026-04-15 22:36:50,685 - sevimler_api - INFO - Method: POST Path: /payment/create Status: 200 Duration: 0.00s
2026-04-15 22:36:50,715 - sevimler_api - INFO - Method: GET Path: /orders/3 Status: 200 Duration: 0.01s
2026-04-15 22:36:50,719 - sevimler_api - INFO - Method: GET Path: /orders/3 Status: 200 Duration: 0.00s
2026-04-15 22:36:54,203 - sevimler_api - INFO - Method: GET Path: /orders/my Status: 200 Duration: 0.01s
2026-04-15 22:36:54,211 - sevimler_api - INFO - Method: GET Path: /orders/my Status: 200 Duration: 0.01s
2026-04-15 22:36:57,108 - sevimler_api - INFO - Method: GET Path: /stories Status: 307 Duration: 0.00s
2026-04-15 22:36:57,110 - sevimler_api - INFO - Method: GET Path: /products Status: 307 Duration: 0.00s
2026-04-15 22:36:57,110 - sevimler_api - INFO - Method: GET Path: /stories Status: 307 Duration: 0.00s
2026-04-15 22:36:57,111 - sevimler_api - INFO - Method: GET Path: /products Status: 307 Duration: 0.00s
2026-04-15 22:36:57,117 - sevimler_api - INFO - Method: GET Path: /stories/ Status: 200 Duration: 0.01s
2026-04-15 22:36:57,118 - sevimler_api - INFO - Method: GET Path: /products/ Status: 200 Duration: 0.01s
2026-04-15 22:36:57,124 - sevimler_api - INFO - Method: GET Path: /stories/ Status: 200 Duration: 0.01s
2026-04-15 22:36:57,125 - sevimler_api - INFO - Method: GET Path: /products/ Status: 200 Duration: 0.01s
2026-04-15 22:37:18,676 - sevimler_api - INFO - Method: POST Path: /login Status: 200 Duration: 0.20s
2026-04-15 22:37:18,682 - sevimler_api - INFO - Method: GET Path: /me Status: 200 Duration: 0.00s
2026-04-15 22:37:18,815 - sevimler_api - INFO - Method: GET Path: /admin/dashboard Status: 200 Duration: 0.01s
2026-04-15 22:37:18,825 - sevimler_api - INFO - Method: GET Path: /admin/dashboard Status: 200 Duration: 0.01s
2026-04-15 22:37:21,305 - sevimler_api - INFO - Method: GET Path: /admin/orders Status: 200 Duration: 0.01s
2026-04-15 22:37:21,311 - sevimler_api - INFO - Method: GET Path: /admin/orders Status: 200 Duration: 0.00s
2026-04-15 22:37:27,438 - sevimler_api - INFO - Method: PATCH Path: /admin/orders/3/status Status: 200 Duration: 0.01s
2026-04-15 22:37:27,446 - sevimler_api - INFO - Method: GET Path: /admin/orders Status: 200 Duration: 0.01s
2026-04-15 22:37:33,340 - sevimler_api - INFO - Method: PATCH Path: /admin/orders/3/status Status: 200 Duration: 0.01s
2026-04-15 22:37:33,346 - sevimler_api - INFO - Method: GET Path: /admin/orders Status: 200 Duration: 0.00s
2026-04-15 22:37:37,311 - sevimler_api - INFO - Method: PATCH Path: /admin/orders/2/status Status: 200 Duration: 0.01s
2026-04-15 22:37:37,319 - sevimler_api - INFO - Method: GET Path: /admin/orders Status: 200 Duration: 0.00s
2026-04-15 22:37:40,150 - sevimler_api - INFO - Method: PATCH Path: /admin/orders/1/status Status: 200 Duration: 0.01s
2026-04-15 22:37:40,159 - sevimler_api - INFO - Method: GET Path: /admin/orders Status: 200 Duration: 0.00s
2026-04-15 22:37:43,334 - sevimler_api - INFO - Method: GET Path: /admin/dashboard Status: 200 Duration: 0.00s
2026-04-15 22:37:43,340 - sevimler_api - INFO - Method: GET Path: /admin/dashboard Status: 200 Duration: 0.00s
2026-04-15 22:37:45,599 - sevimler_api - INFO - Method: GET Path: /products Status: 307 Duration: 0.00s
2026-04-15 22:37:45,606 - sevimler_api - INFO - Method: GET Path: /products Status: 307 Duration: 0.00s
2026-04-15 22:37:45,610 - sevimler_api - INFO - Method: GET Path: /products/ Status: 200 Duration: 0.00s
2026-04-15 22:37:45,615 - sevimler_api - INFO - Method: GET Path: /products/ Status: 200 Duration: 0.00s
2026-04-15 22:37:48,482 - sevimler_api - INFO - Method: GET Path: /admin/dashboard Status: 200 Duration: 0.01s
2026-04-15 22:37:48,489 - sevimler_api - INFO - Method: GET Path: /admin/dashboard Status: 200 Duration: 0.00s
2026-04-15 22:37:50,063 - sevimler_api - INFO - Method: GET Path: /admin/orders Status: 200 Duration: 0.00s
2026-04-15 22:37:50,068 - sevimler_api - INFO - Method: GET Path: /admin/orders Status: 200 Duration: 0.00s
2026-04-15 22:37:51,819 - sevimler_api - INFO - Method: GET Path: /admin/dashboard Status: 200 Duration: 0.00s
2026-04-15 22:37:51,826 - sevimler_api - INFO - Method: GET Path: /admin/dashboard Status: 200 Duration: 0.00s
2026-04-15 22:37:53,118 - sevimler_api - INFO - Method: GET Path: /admin/orders Status: 200 Duration: 0.00s
2026-04-15 22:37:53,124 - sevimler_api - INFO - Method: GET Path: /admin/orders Status: 200 Duration: 0.00s
2026-04-15 22:38:09,544 - sevimler_api - INFO - Method: GET Path: /admin/dashboard Status: 200 Duration: 0.01s
2026-04-15 22:38:09,549 - sevimler_api - INFO - Method: GET Path: /admin/dashboard Status: 200 Duration: 0.00s
